<?xml version="1.0" encoding="UTF-8"?>
<!-- Generated by org.testng.reporters.JUnitReportReporter -->
<testsuite hostname="DESKTOP-68KUQKT" failures="0" tests="7" name="seleniumGrid.SeleniumWithTestNG" time="8.886" errors="0" timestamp="2024-09-30T20:33:03 IST" skipped="0">
  <testcase classname="seleniumGrid.SeleniumWithTestNG" name="startBrowser" time="2.305"/>
  <testcase classname="seleniumGrid.SeleniumWithTestNG" name="verifyURL" time="0.009"/>
  <testcase classname="seleniumGrid.SeleniumWithTestNG" name="verifyTitle" time="0.008"/>
  <testcase classname="seleniumGrid.SeleniumWithTestNG" name="footerCount" time="0.021"/>
  <testcase classname="seleniumGrid.SeleniumWithTestNG" name="login" time="4.286"/>
  <testcase classname="seleniumGrid.SeleniumWithTestNG" name="signOut" time="2.084"/>
  <testcase classname="seleniumGrid.SeleniumWithTestNG" name="closeBrowser" time="0.173"/>
</testsuite> <!-- seleniumGrid.SeleniumWithTestNG -->
