<?xml version="1.0" encoding="UTF-8"?>
<!-- Generated by org.testng.reporters.JUnitReportReporter -->
<testsuite hostname="DESKTOP-68KUQKT" failures="0" tests="3" name="testng.Parallel_Classes_Execution_Selenium2" time="38.646" errors="0" timestamp="2024-09-30T22:22:11 IST" skipped="0">
  <testcase classname="testng.Parallel_Classes_Execution_Selenium2" name="test3" time="2.311"/>
  <testcase classname="testng.Parallel_Classes_Execution_Selenium2" name="test1" time="32.490"/>
  <testcase classname="testng.Parallel_Classes_Execution_Selenium2" name="test2" time="3.845"/>
  <system-out>
    <![CDATA[test1 is executed
test2 is executed
test3 is executed]]>
  </system-out>
</testsuite> <!-- testng.Parallel_Classes_Execution_Selenium2 -->
