<?xml version="1.0" encoding="UTF-8"?>
<!-- Generated by org.testng.reporters.JUnitReportReporter -->
<testsuite hostname="DESKTOP-68KUQKT" failures="0" tests="2" name="ddt_Cross_Browser.MouseHover" time="12.359" errors="0" timestamp="2024-10-04T15:34:51 IST" skipped="0">
  <testcase classname="ddt_Cross_Browser.MouseHover" name="strtBrowser" time="5.883"/>
  <testcase classname="ddt_Cross_Browser.MouseHover" name="strtBrowser" time="6.476"/>
  <system-out>
    <![CDATA[Browser setup
app running properly
closed session
Browser setup
app running properly
closed session]]>
  </system-out>
</testsuite> <!-- ddt_Cross_Browser.MouseHover -->
