<?xml version="1.0" encoding="UTF-8"?>
<!-- Generated by org.testng.reporters.JUnitReportReporter -->
<testsuite hostname="DESKTOP-68KUQKT" failures="0" tests="5" name="ddtViaExcel.SampleDDT2" time="0.012" errors="0" timestamp="2024-10-07T01:58:11 IST" skipped="0">
  <testcase classname="ddtViaExcel.SampleDDT2" name="sample" time="0.001"/>
  <testcase classname="ddtViaExcel.SampleDDT2" name="sample" time="0.001"/>
  <testcase classname="ddtViaExcel.SampleDDT2" name="sample" time="0.002"/>
  <testcase classname="ddtViaExcel.SampleDDT2" name="sample" time="0.006"/>
  <testcase classname="ddtViaExcel.SampleDDT2" name="sample" time="0.002"/>
</testsuite> <!-- ddtViaExcel.SampleDDT2 -->
