<?xml version="1.0" encoding="UTF-8"?>
<!-- Generated by org.testng.reporters.JUnitReportReporter -->
<testsuite hostname="DESKTOP-68KUQKT" failures="0" tests="3" name="testng.Parallel_Execution2_Selenium" time="45.693" errors="0" timestamp="2024-09-30T21:58:06 IST" skipped="0">
  <testcase classname="testng.Parallel_Execution2_Selenium" name="test2" time="5.709"/>
  <testcase classname="testng.Parallel_Execution2_Selenium" name="test3" time="4.750"/>
  <testcase classname="testng.Parallel_Execution2_Selenium" name="test1" time="35.234"/>
</testsuite> <!-- testng.Parallel_Execution2_Selenium -->
