<?xml version="1.0" encoding="UTF-8"?>
<!-- Generated by org.testng.reporters.JUnitReportReporter -->
<testsuite hostname="DESKTOP-68KUQKT" failures="0" tests="2" name="seleniumGrid.PartialText_TestNG" time="0.007" errors="0" timestamp="2024-09-30T20:33:03 IST" skipped="0">
  <testcase classname="seleniumGrid.PartialText_TestNG" name="test2" time="0.002"/>
  <testcase classname="seleniumGrid.PartialText_TestNG" name="test1" time="0.005"/>
</testsuite> <!-- seleniumGrid.PartialText_TestNG -->
