<?xml version="1.0" encoding="UTF-8"?>
<!-- Generated by org.testng.reporters.JUnitReportReporter -->
<testsuite hostname="DESKTOP-68KUQKT" failures="0" tests="1" name="ddt_Cross_Browser.CrossBrowserTesting" time="4.308" errors="0" timestamp="2024-10-01T15:12:23 IST" skipped="0">
  <testcase classname="ddt_Cross_Browser.CrossBrowserTesting" name="login" time="4.308">
    <system-out>
      <![CDATA[Google]]>
    </system-out>
  </testcase> <!-- login -->
  <system-out>
    <![CDATA[Google]]>
  </system-out>
</testsuite> <!-- ddt_Cross_Browser.CrossBrowserTesting -->
