<?xml version="1.0" encoding="UTF-8"?>
<!-- Generated by org.testng.reporters.JUnitReportReporter -->
<testsuite hostname="DESKTOP-68KUQKT" failures="0" tests="3" name="ddt_Cross_Browser.DDT_Annotations" time="14.545" errors="0" timestamp="2024-10-03T18:39:18 IST" skipped="0">
  <testcase classname="ddt_Cross_Browser.DDT_Annotations" name="test1" time="4.806"/>
  <testcase classname="ddt_Cross_Browser.DDT_Annotations" name="test1" time="4.739"/>
  <testcase classname="ddt_Cross_Browser.DDT_Annotations" name="test1" time="5.000"/>
  <system-out>
    <![CDATA[Setup
app is up and running
terminating session
session terminated
Setup
app is up and running
terminating session
session terminated
Setup
app is up and running
terminating session
session terminated]]>
  </system-out>
</testsuite> <!-- ddt_Cross_Browser.DDT_Annotations -->
