<?xml version="1.0" encoding="UTF-8"?>
<!-- Generated by org.testng.reporters.JUnitReportReporter -->
<testsuite hostname="DESKTOP-68KUQKT" failures="0" tests="1" name="extentReports.Test_Status" time="0.430" errors="0" timestamp="2024-10-07T21:43:36 IST" skipped="0">
  <testcase classname="extentReports.Test_Status" name="generateReport" time="0.430"/>
</testsuite> <!-- extentReports.Test_Status -->
