<?xml version="1.0" encoding="UTF-8"?>
<!-- Generated by org.testng.reporters.JUnitReportReporter -->
<testsuite hostname="DESKTOP-68KUQKT" failures="0" tests="5" name="ddtViaExcel.SampleTestDDT" time="0.007" errors="0" timestamp="2024-10-07T00:07:12 IST" skipped="0">
  <testcase classname="ddtViaExcel.SampleTestDDT" name="sample" time="0.001"/>
  <testcase classname="ddtViaExcel.SampleTestDDT" name="sample" time="0.000"/>
  <testcase classname="ddtViaExcel.SampleTestDDT" name="sample" time="0.001"/>
  <testcase classname="ddtViaExcel.SampleTestDDT" name="sample" time="0.004"/>
  <testcase classname="ddtViaExcel.SampleTestDDT" name="sample" time="0.001"/>
</testsuite> <!-- ddtViaExcel.SampleTestDDT -->
