<?xml version="1.0" encoding="UTF-8"?>
<!-- Generated by org.testng.reporters.JUnitReportReporter -->
<testsuite hostname="DESKTOP-68KUQKT" failures="0" tests="3" name="testng.Parallel_Execution" time="0.011" errors="0" timestamp="2024-09-30T22:22:11 IST" skipped="0">
  <testcase classname="testng.Parallel_Execution" name="test2" time="0.000">
    <system-out>
      <![CDATA[test2 is executed]]>
    </system-out>
  </testcase> <!-- test2 -->
  <testcase classname="testng.Parallel_Execution" name="test1" time="0.010">
    <system-out>
      <![CDATA[test1 is executed]]>
    </system-out>
  </testcase> <!-- test1 -->
  <testcase classname="testng.Parallel_Execution" name="test3" time="0.001">
    <system-out>
      <![CDATA[test3 is executed]]>
    </system-out>
  </testcase> <!-- test3 -->
  <system-out>
    <![CDATA[test1 is executed
test2 is executed
test3 is executed]]>
  </system-out>
</testsuite> <!-- testng.Parallel_Execution -->
