<?xml version="1.0" encoding="UTF-8"?>
<!-- Generated by org.testng.reporters.JUnitReportReporter -->
<testsuite hostname="DESKTOP-68KUQKT" failures="0" tests="3" name="ddt_Cross_Browser.CrossBrowserWithParameters" time="21.432" errors="0" timestamp="2024-10-01T16:14:33 IST" skipped="0">
  <testcase classname="ddt_Cross_Browser.CrossBrowserWithParameters" name="login" time="6.303">
    <system-out>
      <![CDATA[Google]]>
    </system-out>
  </testcase> <!-- login -->
  <testcase classname="ddt_Cross_Browser.CrossBrowserWithParameters" name="login" time="9.653">
    <system-out>
      <![CDATA[Google]]>
    </system-out>
  </testcase> <!-- login -->
  <testcase classname="ddt_Cross_Browser.CrossBrowserWithParameters" name="login" time="5.476">
    <system-out>
      <![CDATA[Google]]>
    </system-out>
  </testcase> <!-- login -->
  <system-out>
    <![CDATA[Google
Google
Google]]>
  </system-out>
</testsuite> <!-- ddt_Cross_Browser.CrossBrowserWithParameters -->
