<?xml version="1.0" encoding="UTF-8"?>
<!-- Generated by org.testng.reporters.JUnitReportReporter -->
<testsuite hostname="DESKTOP-68KUQKT" failures="0" tests="1" name="ddtViaExcel.ReadingConfig2" time="0.010" errors="0" timestamp="2024-10-07T16:07:13 IST" skipped="0">
  <testcase classname="ddtViaExcel.ReadingConfig2" name="readConfig" time="0.010"/>
</testsuite> <!-- ddtViaExcel.ReadingConfig2 -->
