<?xml version="1.0" encoding="UTF-8"?>
<!-- Generated by org.testng.reporters.JUnitReportReporter -->
<testsuite hostname="DESKTOP-68KUQKT" failures="0" tests="3" name="ddt_Cross_Browser.DDT_DataProvider" time="0.011" errors="0" timestamp="2024-10-03T01:15:13 IST" skipped="0">
  <testcase classname="ddt_Cross_Browser.DDT_DataProvider" name="test1" time="0.001">
    <system-out>
      <![CDATA[testng
maven]]>
    </system-out>
  </testcase> <!-- test1 -->
  <testcase classname="ddt_Cross_Browser.DDT_DataProvider" name="test1" time="0.002">
    <system-out>
      <![CDATA[selenium
java]]>
    </system-out>
  </testcase> <!-- test1 -->
  <testcase classname="ddt_Cross_Browser.DDT_DataProvider" name="test1" time="0.008">
    <system-out>
      <![CDATA[admin
admin123]]>
    </system-out>
  </testcase> <!-- test1 -->
  <system-out>
    <![CDATA[admin
admin123
selenium
java
testng
maven]]>
  </system-out>
</testsuite> <!-- ddt_Cross_Browser.DDT_DataProvider -->
