<?xml version="1.0" encoding="UTF-8"?>
<!-- Generated by org.testng.reporters.JUnitReportReporter -->
<testsuite hostname="DESKTOP-68KUQKT" failures="0" tests="1" name="extendsReports.ExtendReportDemo" time="0.496" errors="0" timestamp="2024-10-07T16:07:31 IST" skipped="0">
  <testcase classname="extendsReports.ExtendReportDemo" name="generateReport" time="0.496"/>
</testsuite> <!-- extendsReports.ExtendReportDemo -->
