<?xml version="1.0" encoding="UTF-8"?>
<!-- Generated by org.testng.reporters.JUnitReportReporter -->
<testsuite hostname="DESKTOP-68KUQKT" failures="0" tests="2" name="calendarControls.MouseHover" time="17.079" errors="0" timestamp="2024-10-04T15:15:00 IST" skipped="0">
  <testcase classname="calendarControls.MouseHover" name="strtBrowser" time="8.195"/>
  <testcase classname="calendarControls.MouseHover" name="strtBrowser" time="8.884"/>
  <system-out>
    <![CDATA[Browser setup
app running properly
closed session
Browser setup
app running properly
closed session]]>
  </system-out>
</testsuite> <!-- calendarControls.MouseHover -->
