<?xml version="1.0" encoding="UTF-8"?>
<!-- Generated by org.testng.reporters.JUnitReportReporter -->
<testsuite hostname="DESKTOP-68KUQKT" failures="0" tests="3" name="seleniumGrid.MyFirstTestNG" time="0.010" errors="0" timestamp="2024-09-30T22:22:11 IST" skipped="0">
  <testcase classname="seleniumGrid.MyFirstTestNG" name="test2" time="0.001"/>
  <testcase classname="seleniumGrid.MyFirstTestNG" name="test3" time="0.001"/>
  <testcase classname="seleniumGrid.MyFirstTestNG" name="test1" time="0.008"/>
  <system-out>
    <![CDATA[test1 is executed
test2 is executed
test3 is executed]]>
  </system-out>
</testsuite> <!-- seleniumGrid.MyFirstTestNG -->
