<?xml version="1.0" encoding="UTF-8"?>
<!-- Generated by org.testng.reporters.JUnitReportReporter -->
<testsuite hostname="DESKTOP-68KUQKT" failures="0" tests="1" name="pomDemo.LogintestUsingPOM_DynamicData" time="0.926" errors="0" timestamp="2024-10-08T19:04:56 IST" skipped="0">
  <testcase classname="pomDemo.LogintestUsingPOM_DynamicData" name="validLogin" time="0.926"/>
</testsuite> <!-- pomDemo.LogintestUsingPOM_DynamicData -->
