<?xml version="1.0" encoding="UTF-8"?>
<!-- Generated by org.testng.reporters.JUnitReportReporter -->
<testsuite hostname="DESKTOP-68KUQKT" failures="0" tests="1" name="ddt_Cross_Browser.ReadExcel_ShortCut" time="0.531" errors="0" timestamp="2024-10-04T02:37:10 IST" skipped="0">
  <testcase classname="ddt_Cross_Browser.ReadExcel_ShortCut" name="readExcel" time="0.531"/>
</testsuite> <!-- ddt_Cross_Browser.ReadExcel_ShortCut -->
