<?xml version="1.0" encoding="UTF-8"?>
<!-- Generated by org.testng.reporters.JUnitReportReporter -->
<testsuite hostname="DESKTOP-68KUQKT" failures="0" tests="4" name="seleniumGrid.TestNG2_AlphabeticOrderMethods" time="0.004" errors="0" timestamp="2024-09-30T20:33:03 IST" skipped="0">
  <testcase classname="seleniumGrid.TestNG2_AlphabeticOrderMethods" name="login" time="0.001"/>
  <testcase classname="seleniumGrid.TestNG2_AlphabeticOrderMethods" name="creatAccount" time="0.001"/>
  <testcase classname="seleniumGrid.TestNG2_AlphabeticOrderMethods" name="makePayment" time="0.001"/>
  <testcase classname="seleniumGrid.TestNG2_AlphabeticOrderMethods" name="logout" time="0.001"/>
</testsuite> <!-- seleniumGrid.TestNG2_AlphabeticOrderMethods -->
