<?xml version="1.0" encoding="UTF-8"?>
<!-- Generated by org.testng.reporters.JUnitReportReporter -->
<testsuite hostname="DESKTOP-68KUQKT" failures="0" tests="4" name="seleniumGrid.With_Without_Priority_TestNG" time="0.003" errors="0" timestamp="2024-09-30T20:33:03 IST" skipped="0">
  <testcase classname="seleniumGrid.With_Without_Priority_TestNG" name="makePayment" time="0.000"/>
  <testcase classname="seleniumGrid.With_Without_Priority_TestNG" name="login" time="0.001"/>
  <testcase classname="seleniumGrid.With_Without_Priority_TestNG" name="creatAccount" time="0.001"/>
  <testcase classname="seleniumGrid.With_Without_Priority_TestNG" name="logout" time="0.001"/>
</testsuite> <!-- seleniumGrid.With_Without_Priority_TestNG -->
