<?xml version="1.0" encoding="UTF-8"?>
<!-- Generated by org.testng.reporters.JUnitReportReporter -->
<testsuite hostname="DESKTOP-68KUQKT" failures="0" tests="3" name="ddt_Cross_Browser.DDT_Selenium_Login" time="8.106" errors="0" timestamp="2024-10-05T15:38:50 IST" skipped="0">
  <testcase classname="ddt_Cross_Browser.DDT_Selenium_Login" name="test1" time="3.323"/>
  <testcase classname="ddt_Cross_Browser.DDT_Selenium_Login" name="test1" time="1.951"/>
  <testcase classname="ddt_Cross_Browser.DDT_Selenium_Login" name="test1" time="2.832"/>
</testsuite> <!-- ddt_Cross_Browser.DDT_Selenium_Login -->
