<?xml version="1.0" encoding="UTF-8"?>
<!-- Generated by org.testng.reporters.JUnitReportReporter -->
<testsuite hostname="DESKTOP-68KUQKT" failures="0" tests="1" name="extentReports.ExtendReportDemo" time="0.422" errors="0" timestamp="2024-10-07T16:51:44 IST" skipped="0">
  <testcase classname="extentReports.ExtendReportDemo" name="generateReport" time="0.422"/>
</testsuite> <!-- extentReports.ExtendReportDemo -->
