<?xml version="1.0" encoding="UTF-8"?>
<!-- Generated by org.testng.reporters.JUnitReportReporter -->
<testsuite hostname="DESKTOP-68KUQKT" failures="0" tests="1" name="pomDemo.LogintestUsingPOM" time="2.821" errors="0" timestamp="2024-10-08T02:11:52 IST" skipped="0">
  <testcase classname="pomDemo.LogintestUsingPOM" name="validLogin" time="2.821"/>
</testsuite> <!-- pomDemo.LogintestUsingPOM -->
