<?xml version="1.0" encoding="UTF-8"?>
<!-- Generated by org.testng.reporters.JUnitReportReporter -->
<testsuite hostname="DESKTOP-68KUQKT" failures="0" tests="1" name="ddtViaExcel.ReadingConfig" time="0.006" errors="0" timestamp="2024-10-07T02:54:58 IST" skipped="0">
  <testcase classname="ddtViaExcel.ReadingConfig" name="readConfig" time="0.006"/>
</testsuite> <!-- ddtViaExcel.ReadingConfig -->
