<?xml version="1.0" encoding="UTF-8"?>
<!-- Generated by org.testng.reporters.JUnitReportReporter -->
<testsuite hostname="DESKTOP-68KUQKT" failures="0" tests="3" name="testng.ParameterDemo" time="0.030" errors="0" timestamp="2024-10-01T02:48:13 IST" skipped="0">
  <testcase classname="testng.ParameterDemo" name="test1" time="0.010">
    <system-out>
      <![CDATA[Browser nm is Chrome]]>
    </system-out>
  </testcase> <!-- test1 -->
  <testcase classname="testng.ParameterDemo" name="test1" time="0.010">
    <system-out>
      <![CDATA[Browser nm is FF]]>
    </system-out>
  </testcase> <!-- test1 -->
  <testcase classname="testng.ParameterDemo" name="test1" time="0.010">
    <system-out>
      <![CDATA[Browser nm is Edge]]>
    </system-out>
  </testcase> <!-- test1 -->
  <system-out>
    <![CDATA[Browser nm is Edge
Browser nm is Chrome
Browser nm is FF]]>
  </system-out>
</testsuite> <!-- testng.ParameterDemo -->
